Arguments: 
  /usr/local/bin/node /usr/local/Cellar/yarn/1.22.5/libexec/bin/yarn.js install

PATH: 
  /Users/rabbit/bin:~/bin:/usr/local/sbin:/usr/local/bin:/usr/bin:/bin:/usr/sbin:/sbin:/opt/X11/bin:/usr/local/share/dotnet:~/.dotnet/tools:/Library/Frameworks/Mono.framework/Versions/Current/Commands

Yarn version: 
  1.22.5

Node version: 
  12.16.1

Platform: 
  darwin x64

Trace: 
  SyntaxError: /Users/rabbit/projects/catenator/package.json: Unexpected token } in JSON at position 778
      at JSON.parse (<anonymous>)
      at /usr/local/Cellar/yarn/1.22.5/libexec/lib/cli.js:1625:59
      at Generator.next (<anonymous>)
      at step (/usr/local/Cellar/yarn/1.22.5/libexec/lib/cli.js:310:30)
      at /usr/local/Cellar/yarn/1.22.5/libexec/lib/cli.js:321:13

npm manifest: 
  {
    "name": "earthstar-graph-db",
    "version": "0.0.1",
    "description": "A graph database layer on top of Earthstar.",
    "main": "index.js",
    "repository": "git@github.com:earthstar-project/earthstar-graph-db.git",
    "author": "Cinnamon <cinnamon_bun_github@fastmail.com>",
    "license": "ISC",
    "scripts": {
      "clean": "rm -rf build coverage .nyc_output",
      "build": "tsc",
      "start": "node build/index.js",
      "test": "tap -Rspecy --jobs=1 build/test/*.test.js",
      "test-coverage": "npm test -- --coverage-report=lcov",
      "prepublishOnly": "npm run clean && npm run build"
    },
    "devDependencies": {
      "@types/node": "^14.14.25",
      "@types/tap": "^14.10.2",
      "tap": "^14.11.0",
      "typescript": "^4.1.4"
    },
    "dependencies": {
      "chalk": "^4.1.0",
    }
  }

yarn manifest: 
  No manifest

Lockfile: 
  No lockfile
